# JRE version: OpenJDK Runtime Environment (8.0_152-b01) (build 1.8.0_152-release-915-b01)
# Java VM: OpenJDK 64-Bit Server VM (25.152-b01 mixed mode linux-amd64 compressed oops)
Heap:
 PSYoungGen      total 208384K, used 68522K [0x00000000eab00000, 0x00000000f9280000, 0x0000000100000000)
  eden space 195072K, 28% used [0x00000000eab00000,0x00000000ee0f1e88,0x00000000f6980000)
  from space 13312K, 99% used [0x00000000f7c00000,0x00000000f88f89f8,0x00000000f8900000)
  to   space 18944K, 0% used [0x00000000f6980000,0x00000000f6980000,0x00000000f7c00000)
 ParOldGen       total 46080K, used 31212K [0x00000000c0000000, 0x00000000c2d00000, 0x00000000eab00000)
  object space 46080K, 67% used [0x00000000c0000000,0x00000000c1e7b3c8,0x00000000c2d00000)
 Metaspace       used 53474K, capacity 55274K, committed 55424K, reserved 1097728K
  class space    used 7333K, capacity 7791K, committed 7808K, reserved 1048576K
GC Heap History (10 events):
Event: 15.391 GC heap before
{Heap before GC invocations=10 (full 1):
 PSYoungGen      total 110080K, used 110017K [0x00000000eab00000, 0x00000000f2e00000, 0x0000000100000000)
  eden space 103936K, 100% used [0x00000000eab00000,0x00000000f1080000,0x00000000f1080000)
  from space 6144K, 98% used [0x00000000f2800000,0x00000000f2df0448,0x00000000f2e00000)
  to   space 8704K, 0% used [0x00000000f1d00000,0x00000000f1d00000,0x00000000f2580000)
 ParOldGen       total 29696K, used 6906K [0x00000000c0000000, 0x00000000c1d00000, 0x00000000eab00000)
  object space 29696K, 23% used [0x00000000c0000000,0x00000000c06bea70,0x00000000c1d00000)
 Metaspace       used 31148K, capacity 31752K, committed 32000K, reserved 1077248K
  class space    used 4285K, capacity 4547K, committed 4608K, reserved 1048576K
Event: 15.415 GC heap after
Heap after GC invocations=10 (full 1):
 PSYoungGen      total 125440K, used 8698K [0x00000000eab00000, 0x00000000f4e00000, 0x0000000100000000)
  eden space 116736K, 0% used [0x00000000eab00000,0x00000000eab00000,0x00000000f1d00000)
  from space 8704K, 99% used [0x00000000f1d00000,0x00000000f257eaf0,0x00000000f2580000)
  to   space 10240K, 0% used [0x00000000f4400000,0x00000000f4400000,0x00000000f4e00000)
 ParOldGen       total 29696K, used 7814K [0x00000000c0000000, 0x00000000c1d00000, 0x00000000eab00000)
  object space 29696K, 26% used [0x00000000c0000000,0x00000000c07a1b40,0x00000000c1d00000)
 Metaspace       used 31148K, capacity 31752K, committed 32000K, reserved 1077248K
  class space    used 4285K, capacity 4547K, committed 4608K, reserved 1048576K
}
Event: 18.061 GC heap before
{Heap before GC invocations=11 (full 1):
 PSYoungGen      total 125440K, used 38459K [0x00000000eab00000, 0x00000000f4e00000, 0x0000000100000000)
  eden space 116736K, 25% used [0x00000000eab00000,0x00000000ec8104e0,0x00000000f1d00000)
  from space 8704K, 99% used [0x00000000f1d00000,0x00000000f257eaf0,0x00000000f2580000)
  to   space 10240K, 0% used [0x00000000f4400000,0x00000000f4400000,0x00000000f4e00000)
 ParOldGen       total 29696K, used 7814K [0x00000000c0000000, 0x00000000c1d00000, 0x00000000eab00000)
  object space 29696K, 26% used [0x00000000c0000000,0x00000000c07a1b40,0x00000000c1d00000)
 Metaspace       used 34549K, capacity 35246K, committed 35416K, reserved 1079296K
  class space    used 4731K, capacity 5035K, committed 5120K, reserved 1048576K
Event: 18.085 GC heap after
Heap after GC invocations=11 (full 1):
 PSYoungGen      total 156672K, used 7280K [0x00000000eab00000, 0x00000000f5c80000, 0x0000000100000000)
  eden space 146432K, 0% used [0x00000000eab00000,0x00000000eab00000,0x00000000f3a00000)
  from space 10240K, 71% used [0x00000000f4400000,0x00000000f4b1c2b8,0x00000000f4e00000)
  to   space 10240K, 0% used [0x00000000f3a00000,0x00000000f3a00000,0x00000000f4400000)
 ParOldGen       total 29696K, used 10343K [0x00000000c0000000, 0x00000000c1d00000, 0x00000000eab00000)
  object space 29696K, 34% used [0x00000000c0000000,0x00000000c0a19d60,0x00000000c1d00000)
 Metaspace       used 34549K, capacity 35246K, committed 35416K, reserved 1079296K
  class space    used 4731K, capacity 5035K, committed 5120K, reserved 1048576K
}
Event: 18.085 GC heap before
{Heap before GC invocations=12 (full 2):
 PSYoungGen      total 156672K, used 7280K [0x00000000eab00000, 0x00000000f5c80000, 0x0000000100000000)
  eden space 146432K, 0% used [0x00000000eab00000,0x00000000eab00000,0x00000000f3a00000)
  from space 10240K, 71% used [0x00000000f4400000,0x00000000f4b1c2b8,0x00000000f4e00000)
  to   space 10240K, 0% used [0x00000000f3a00000,0x00000000f3a00000,0x00000000f4400000)
 ParOldGen       total 29696K, used 10343K [0x00000000c0000000, 0x00000000c1d00000, 0x00000000eab00000)
  object space 29696K, 34% used [0x00000000c0000000,0x00000000c0a19d60,0x00000000c1d00000)
 Metaspace       used 34549K, capacity 35246K, committed 35416K, reserved 1079296K
  class space    used 4731K, capacity 5035K, committed 5120K, reserved 1048576K
Event: 18.189 GC heap after
Heap after GC invocations=12 (full 2):
 PSYoungGen      total 156672K, used 0K [0x00000000eab00000, 0x00000000f5c80000, 0x0000000100000000)
  eden space 146432K, 0% used [0x00000000eab00000,0x00000000eab00000,0x00000000f3a00000)
  from space 10240K, 0% used [0x00000000f4400000,0x00000000f4400000,0x00000000f4e00000)
  to   space 10240K, 0% used [0x00000000f3a00000,0x00000000f3a00000,0x00000000f4400000)
 ParOldGen       total 46080K, used 16313K [0x00000000c0000000, 0x00000000c2d00000, 0x00000000eab00000)
  object space 46080K, 35% used [0x00000000c0000000,0x00000000c0fee4e8,0x00000000c2d00000)
 Metaspace       used 34549K, capacity 35246K, committed 35416K, reserved 1079296K
  class space    used 4731K, capacity 5035K, committed 5120K, reserved 1048576K
}
Event: 24.061 GC heap before
{Heap before GC invocations=13 (full 2):
 PSYoungGen      total 156672K, used 146432K [0x00000000eab00000, 0x00000000f5c80000, 0x0000000100000000)
  eden space 146432K, 100% used [0x00000000eab00000,0x00000000f3a00000,0x00000000f3a00000)
  from space 10240K, 0% used [0x00000000f4400000,0x00000000f4400000,0x00000000f4e00000)
  to   space 10240K, 0% used [0x00000000f3a00000,0x00000000f3a00000,0x00000000f4400000)
 ParOldGen       total 46080K, used 16313K [0x00000000c0000000, 0x00000000c2d00000, 0x00000000eab00000)
  object space 46080K, 35% used [0x00000000c0000000,0x00000000c0fee4e8,0x00000000c2d00000)
 Metaspace       used 46372K, capacity 47360K, committed 47616K, reserved 1089536K
  class space    used 6257K, capacity 6638K, committed 6656K, reserved 1048576K
Event: 24.096 GC heap after
Heap after GC invocations=13 (full 2):
 PSYoungGen      total 156672K, used 10230K [0x00000000eab00000, 0x00000000f8900000, 0x0000000100000000)
  eden space 146432K, 0% used [0x00000000eab00000,0x00000000eab00000,0x00000000f3a00000)
  from space 10240K, 99% used [0x00000000f3a00000,0x00000000f43fdbf8,0x00000000f4400000)
  to   space 13312K, 0% used [0x00000000f7c00000,0x00000000f7c00000,0x00000000f8900000)
 ParOldGen       total 46080K, used 21054K [0x00000000c0000000, 0x00000000c2d00000, 0x00000000eab00000)
  object space 46080K, 45% used [0x00000000c0000000,0x00000000c148fbe8,0x00000000c2d00000)
 Metaspace       used 46372K, capacity 47360K, committed 47616K, reserved 1089536K
  class space    used 6257K, capacity 6638K, committed 6656K, reserved 1048576K
}
Event: 28.844 GC heap before
{Heap before GC invocations=14 (full 2):
 PSYoungGen      total 156672K, used 156662K [0x00000000eab00000, 0x00000000f8900000, 0x0000000100000000)
  eden space 146432K, 100% used [0x00000000eab00000,0x00000000f3a00000,0x00000000f3a00000)
  from space 10240K, 99% used [0x00000000f3a00000,0x00000000f43fdbf8,0x00000000f4400000)
  to   space 13312K, 0% used [0x00000000f7c00000,0x00000000f7c00000,0x00000000f8900000)
 ParOldGen       total 46080K, used 21054K [0x00000000c0000000, 0x00000000c2d00000, 0x00000000eab00000)
  object space 46080K, 45% used [0x00000000c0000000,0x00000000c148fbe8,0x00000000c2d00000)
 Metaspace       used 53001K, capacity 54758K, committed 54912K, reserved 1095680K
  class space    used 7249K, capacity 7738K, committed 7808K, reserved 1048576K
Event: 28.915 GC heap after
Heap after GC invocations=14 (full 2):
 PSYoungGen      total 208384K, used 13282K [0x00000000eab00000, 0x00000000f9280000, 0x0000000100000000)
  eden space 195072K, 0% used [0x00000000eab00000,0x00000000eab00000,0x00000000f6980000)
  from space 13312K, 99% used [0x00000000f7c00000,0x00000000f88f89f8,0x00000000f8900000)
  to   space 18944K, 0% used [0x00000000f6980000,0x00000000f6980000,0x00000000f7c00000)
 ParOldGen       total 46080K, used 31212K [0x00000000c0000000, 0x00000000c2d00000, 0x00000000eab00000)
  object space 46080K, 67% used [0x00000000c0000000,0x00000000c1e7b3c8,0x00000000c2d00000)
 Metaspace       used 53001K, capacity 54758K, committed 54912K, reserved 1095680K
  class space    used 7249K, capacity 7738K, committed 7808K, reserved 1048576K
}

